android/app/build/intermediates/manifest_merge_blame_file/debug/manifest-merger-blame-debug-report.txt
1<?xml version="1.0" encoding="utf-8"?>
2<manifest xmlns:android="http://schemas.android.com/apk/res/android"
3    package="college.marketplace"
4    android:versionCode="1"
5    android:versionName="1.0.0" >
6
7    <uses-sdk
8        android:minSdkVersion="21"
9        android:targetSdkVersion="29" />
10
11    <uses-permission android:name="android.permission.SYSTEM_ALERT_WINDOW" />
11-->src/main/AndroidManifest.xml:3:3-75
11-->src/main/AndroidManifest.xml:3:20-73
12    <uses-permission android:name="android.permission.INTERNET" />
12-->src/main/AndroidManifest.xml:2:3-64
12-->src/main/AndroidManifest.xml:2:20-62
13    <uses-permission android:name="android.permission.READ_PHONE_STATE" />
13-->src/main/AndroidManifest.xml:4:3-72
13-->src/main/AndroidManifest.xml:4:20-70
14    <uses-permission android:name="android.permission.USE_FINGERPRINT" />
14-->src/main/AndroidManifest.xml:5:3-71
14-->src/main/AndroidManifest.xml:5:20-69
15    <uses-permission android:name="android.permission.USE_BIOMETRIC" />
15-->src/main/AndroidManifest.xml:6:3-69
15-->src/main/AndroidManifest.xml:6:20-67
16    <uses-permission android:name="android.permission.VIBRATE" />
16-->src/main/AndroidManifest.xml:7:3-63
16-->src/main/AndroidManifest.xml:7:20-61
17    <uses-permission android:name="android.permission.MODIFY_AUDIO_SETTINGS" />
17-->src/main/AndroidManifest.xml:8:3-77
17-->src/main/AndroidManifest.xml:8:20-75
18    <uses-permission android:name="android.permission.ACCESS_COARSE_LOCATION" />
18-->src/main/AndroidManifest.xml:9:3-78
18-->src/main/AndroidManifest.xml:9:20-76
19    <uses-permission android:name="android.permission.ACCESS_FINE_LOCATION" />
19-->src/main/AndroidManifest.xml:10:3-76
19-->src/main/AndroidManifest.xml:10:20-74
20    <uses-permission android:name="android.permission.ACCESS_BACKGROUND_LOCATION" />
20-->src/main/AndroidManifest.xml:11:3-82
20-->src/main/AndroidManifest.xml:11:20-80
21    <uses-permission android:name="android.permission.CAMERA" />
21-->src/main/AndroidManifest.xml:12:3-62
21-->src/main/AndroidManifest.xml:12:20-60
22    <uses-permission android:name="android.permission.RECORD_AUDIO" />
22-->src/main/AndroidManifest.xml:13:3-68
22-->src/main/AndroidManifest.xml:13:20-66
23    <uses-permission android:name="android.permission.READ_CONTACTS" />
23-->src/main/AndroidManifest.xml:14:3-69
23-->src/main/AndroidManifest.xml:14:20-67
24    <uses-permission android:name="android.permission.WRITE_CONTACTS" />
24-->src/main/AndroidManifest.xml:15:3-70
24-->src/main/AndroidManifest.xml:15:20-68
25    <uses-permission android:name="android.permission.READ_CALENDAR" />
25-->src/main/AndroidManifest.xml:16:3-69
25-->src/main/AndroidManifest.xml:16:20-67
26    <uses-permission android:name="android.permission.WRITE_CALENDAR" />
26-->src/main/AndroidManifest.xml:17:3-70
26-->src/main/AndroidManifest.xml:17:20-68
27    <uses-permission android:name="android.permission.READ_EXTERNAL_STORAGE" />
27-->src/main/AndroidManifest.xml:18:3-77
27-->src/main/AndroidManifest.xml:18:20-75
28    <uses-permission android:name="android.permission.WRITE_EXTERNAL_STORAGE" />
28-->src/main/AndroidManifest.xml:19:3-78
28-->src/main/AndroidManifest.xml:19:20-76
29    <uses-permission android:name="android.permission.WRITE_SETTINGS" />
29-->src/main/AndroidManifest.xml:20:3-70
29-->src/main/AndroidManifest.xml:20:20-68
30    <uses-permission android:name="android.permission.ACCESS_NETWORK_STATE" />
30-->src/main/AndroidManifest.xml:21:3-76
30-->src/main/AndroidManifest.xml:21:20-74
31    <uses-permission android:name="android.permission.WAKE_LOCK" />
31-->src/main/AndroidManifest.xml:22:3-65
31-->src/main/AndroidManifest.xml:22:20-63
32    <uses-permission android:name="com.google.android.c2dm.permission.RECEIVE" />
32-->src/main/AndroidManifest.xml:23:3-79
32-->src/main/AndroidManifest.xml:23:20-77
33    <uses-permission android:name="android.permission.ACCESS_WIFI_STATE" />
33-->[com.facebook.flipper:flipper:0.54.0] AndroidManifest.xml:16:5-76
33-->[com.facebook.flipper:flipper:0.54.0] AndroidManifest.xml:16:22-73
34    <uses-permission android:name="android.permission.FOREGROUND_SERVICE" />
34-->[:expo-location] AndroidManifest.xml:13:5-77
34-->[:expo-location] AndroidManifest.xml:13:22-74
35    <uses-permission android:name="com.google.android.finsky.permission.BIND_GET_INSTALL_REFERRER_SERVICE" />
35-->[com.android.installreferrer:installreferrer:1.0] AndroidManifest.xml:9:5-110
35-->[com.android.installreferrer:installreferrer:1.0] AndroidManifest.xml:9:22-107
36    <uses-permission android:name="com.google.android.providers.gsf.permission.READ_GSERVICES" />
36-->[io.nlopez.smartlocation:library:3.2.11] AndroidManifest.xml:15:5-98
36-->[io.nlopez.smartlocation:library:3.2.11] AndroidManifest.xml:15:22-95
37    <uses-permission android:name="com.google.android.gms.permission.ACTIVITY_RECOGNITION" />
37-->[io.nlopez.smartlocation:library:3.2.11] AndroidManifest.xml:16:5-94
37-->[io.nlopez.smartlocation:library:3.2.11] AndroidManifest.xml:16:22-91
38
39    <application
39-->src/main/AndroidManifest.xml:24:3-46:17
40        android:name="college.marketplace.MainApplication"
40-->src/main/AndroidManifest.xml:24:16-47
41        android:allowBackup="true"
41-->src/main/AndroidManifest.xml:24:162-188
42        android:appComponentFactory="androidx.core.app.CoreComponentFactory"
42-->[androidx.core:core:1.3.0] AndroidManifest.xml:24:18-86
43        android:debuggable="true"
44        android:icon="@mipmap/ic_launcher"
44-->src/main/AndroidManifest.xml:24:81-115
45        android:label="@string/app_name"
45-->src/main/AndroidManifest.xml:24:48-80
46        android:roundIcon="@mipmap/ic_launcher_round"
46-->src/main/AndroidManifest.xml:24:116-161
47        android:theme="@style/AppTheme"
47-->src/main/AndroidManifest.xml:24:189-220
48        android:usesCleartextTraffic="true" >
48-->src/debug/AndroidManifest.xml:6:18-53
49        <meta-data
49-->src/main/AndroidManifest.xml:25:5-93
50            android:name="expo.modules.updates.EXPO_SDK_VERSION"
50-->src/main/AndroidManifest.xml:25:16-68
51            android:value="40.0.0" />
51-->src/main/AndroidManifest.xml:25:69-91
52        <meta-data
52-->src/main/AndroidManifest.xml:26:5-82
53            android:name="expo.modules.updates.ENABLED"
53-->src/main/AndroidManifest.xml:26:16-59
54            android:value="true" />
54-->src/main/AndroidManifest.xml:26:60-80
55        <meta-data
55-->src/main/AndroidManifest.xml:27:5-105
56            android:name="expo.modules.updates.EXPO_UPDATES_CHECK_ON_LAUNCH"
56-->src/main/AndroidManifest.xml:27:16-80
57            android:value="ALWAYS" />
57-->src/main/AndroidManifest.xml:27:81-103
58        <meta-data
58-->src/main/AndroidManifest.xml:28:5-99
59            android:name="expo.modules.updates.EXPO_UPDATES_LAUNCH_WAIT_MS"
59-->src/main/AndroidManifest.xml:28:16-79
60            android:value="0" />
60-->src/main/AndroidManifest.xml:28:80-97
61
62        <activity
62-->src/main/AndroidManifest.xml:29:5-40:16
63            android:name="college.marketplace.MainActivity"
63-->src/main/AndroidManifest.xml:29:15-43
64            android:configChanges="keyboard|keyboardHidden|orientation|screenSize|uiMode"
64-->src/main/AndroidManifest.xml:29:77-154
65            android:label="@string/app_name"
65-->src/main/AndroidManifest.xml:29:44-76
66            android:launchMode="singleTask"
66-->src/main/AndroidManifest.xml:29:155-186
67            android:screenOrientation="portrait"
67-->src/main/AndroidManifest.xml:29:276-312
68            android:theme="@style/Theme.App.SplashScreen"
68-->src/main/AndroidManifest.xml:29:230-275
69            android:windowSoftInputMode="adjustResize" >
69-->src/main/AndroidManifest.xml:29:187-229
70            <intent-filter>
70-->src/main/AndroidManifest.xml:30:7-33:23
71                <action android:name="android.intent.action.MAIN" />
71-->src/main/AndroidManifest.xml:31:9-60
71-->src/main/AndroidManifest.xml:31:17-58
72
73                <category android:name="android.intent.category.LAUNCHER" />
73-->src/main/AndroidManifest.xml:32:9-68
73-->src/main/AndroidManifest.xml:32:19-66
74            </intent-filter>
75            <intent-filter>
75-->src/main/AndroidManifest.xml:34:7-39:23
76                <action android:name="android.intent.action.VIEW" />
76-->src/main/AndroidManifest.xml:35:9-60
76-->src/main/AndroidManifest.xml:35:17-58
77
78                <category android:name="android.intent.category.DEFAULT" />
78-->src/main/AndroidManifest.xml:36:9-67
78-->src/main/AndroidManifest.xml:36:19-65
79                <category android:name="android.intent.category.BROWSABLE" />
79-->src/main/AndroidManifest.xml:37:9-69
79-->src/main/AndroidManifest.xml:37:19-67
80
81                <data android:scheme="college.marketplace" />
81-->src/main/AndroidManifest.xml:38:9-53
81-->src/main/AndroidManifest.xml:38:15-51
82            </intent-filter>
83        </activity>
84        <activity
84-->src/main/AndroidManifest.xml:41:5-44:16
85            android:name="com.theartofdev.edmodo.cropper.CropImageActivity"
85-->src/main/AndroidManifest.xml:42:7-70
86            android:theme="@style/Base.Theme.AppCompat" >
86-->src/main/AndroidManifest.xml:43:7-50
87        </activity>
88        <activity android:name="com.facebook.react.devsupport.DevSettingsActivity" />
88-->src/main/AndroidManifest.xml:45:5-81
88-->src/main/AndroidManifest.xml:45:15-79
89
90        <meta-data
90-->[:unimodules-react-native-adapter] AndroidManifest.xml:12:9-14:91
91            android:name="org.unimodules.core.AppLoader#react-native-headless"
91-->[:unimodules-react-native-adapter] AndroidManifest.xml:13:13-79
92            android:value="org.unimodules.adapters.react.apploader.RNHeadlessAppLoader" />
92-->[:unimodules-react-native-adapter] AndroidManifest.xml:14:13-88
93
94        <provider
94-->[:expo-file-system] AndroidManifest.xml:17:9-26:20
95            android:name="expo.modules.filesystem.FileSystemFileProvider"
95-->[:expo-file-system] AndroidManifest.xml:18:13-74
96            android:authorities="college.marketplace.FileSystemFileProvider"
96-->[:expo-file-system] AndroidManifest.xml:19:13-74
97            android:exported="false"
97-->[:expo-file-system] AndroidManifest.xml:20:13-37
98            android:grantUriPermissions="true" >
98-->[:expo-file-system] AndroidManifest.xml:21:13-47
99            <meta-data
99-->[:expo-file-system] AndroidManifest.xml:23:13-25:70
100                android:name="android.support.FILE_PROVIDER_PATHS"
100-->[:expo-file-system] AndroidManifest.xml:24:17-67
101                android:resource="@xml/file_system_provider_paths" />
101-->[:expo-file-system] AndroidManifest.xml:25:17-67
102        </provider> <!-- https://developer.android.com/guide/topics/manifest/provider-element.html -->
103        <provider
103-->[:expo-image-picker] AndroidManifest.xml:20:9-28:20
104            android:name="expo.modules.imagepicker.ImagePickerFileProvider"
104-->[:expo-image-picker] AndroidManifest.xml:21:13-76
105            android:authorities="college.marketplace.ImagePickerFileProvider"
105-->[:expo-image-picker] AndroidManifest.xml:22:13-75
106            android:exported="false"
106-->[:expo-image-picker] AndroidManifest.xml:23:13-37
107            android:grantUriPermissions="true" >
107-->[:expo-image-picker] AndroidManifest.xml:24:13-47
108            <meta-data
108-->[:expo-file-system] AndroidManifest.xml:23:13-25:70
109                android:name="android.support.FILE_PROVIDER_PATHS"
109-->[:expo-file-system] AndroidManifest.xml:24:17-67
110                android:resource="@xml/image_picker_provider_paths" />
110-->[:expo-file-system] AndroidManifest.xml:25:17-67
111        </provider>
112
113        <service
113-->[:expo-location] AndroidManifest.xml:16:9-18:40
114            android:name="expo.modules.location.services.LocationTaskService"
114-->[:expo-location] AndroidManifest.xml:17:13-78
115            android:exported="false" />
115-->[:expo-location] AndroidManifest.xml:18:13-37
116
117        <activity
117-->[com.google.android.gms:play-services-auth:19.0.0] AndroidManifest.xml:23:9-27:75
118            android:name="com.google.android.gms.auth.api.signin.internal.SignInHubActivity"
118-->[com.google.android.gms:play-services-auth:19.0.0] AndroidManifest.xml:24:13-93
119            android:excludeFromRecents="true"
119-->[com.google.android.gms:play-services-auth:19.0.0] AndroidManifest.xml:25:13-46
120            android:exported="false"
120-->[com.google.android.gms:play-services-auth:19.0.0] AndroidManifest.xml:26:13-37
121            android:theme="@android:style/Theme.Translucent.NoTitleBar" />
121-->[com.google.android.gms:play-services-auth:19.0.0] AndroidManifest.xml:27:13-72
122        <!--
123            Service handling Google Sign-In user revocation. For apps that do not integrate with
124            Google Sign-In, this service will never be started.
125        -->
126        <service
126-->[com.google.android.gms:play-services-auth:19.0.0] AndroidManifest.xml:33:9-37:51
127            android:name="com.google.android.gms.auth.api.signin.RevocationBoundService"
127-->[com.google.android.gms:play-services-auth:19.0.0] AndroidManifest.xml:34:13-89
128            android:exported="true"
128-->[com.google.android.gms:play-services-auth:19.0.0] AndroidManifest.xml:35:13-36
129            android:permission="com.google.android.gms.auth.api.signin.permission.REVOCATION_NOTIFICATION"
129-->[com.google.android.gms:play-services-auth:19.0.0] AndroidManifest.xml:36:13-107
130            android:visibleToInstantApps="true" />
130-->[com.google.android.gms:play-services-auth:19.0.0] AndroidManifest.xml:37:13-48
131
132        <activity
132-->[com.google.android.gms:play-services-base:17.1.0] AndroidManifest.xml:23:9-26:75
133            android:name="com.google.android.gms.common.api.GoogleApiActivity"
133-->[com.google.android.gms:play-services-base:17.1.0] AndroidManifest.xml:24:13-79
134            android:exported="false"
134-->[com.google.android.gms:play-services-base:17.1.0] AndroidManifest.xml:25:13-37
135            android:theme="@android:style/Theme.Translucent.NoTitleBar" />
135-->[com.google.android.gms:play-services-base:17.1.0] AndroidManifest.xml:26:13-72
136
137        <provider
137-->[com.google.firebase:firebase-common:19.5.0] AndroidManifest.xml:26:9-31:39
138            android:name="com.google.firebase.provider.FirebaseInitProvider"
138-->[com.google.firebase:firebase-common:19.5.0] AndroidManifest.xml:27:13-77
139            android:authorities="college.marketplace.firebaseinitprovider"
139-->[com.google.firebase:firebase-common:19.5.0] AndroidManifest.xml:28:13-72
140            android:directBootAware="true"
140-->[com.google.firebase:firebase-common:19.5.0] AndroidManifest.xml:29:13-43
141            android:exported="false"
141-->[com.google.firebase:firebase-common:19.5.0] AndroidManifest.xml:30:13-37
142            android:initOrder="100" />
142-->[com.google.firebase:firebase-common:19.5.0] AndroidManifest.xml:31:13-36
143
144        <service
144-->[com.google.firebase:firebase-common:19.5.0] AndroidManifest.xml:33:9-46:19
145            android:name="com.google.firebase.components.ComponentDiscoveryService"
145-->[com.google.firebase:firebase-common:19.5.0] AndroidManifest.xml:34:13-84
146            android:directBootAware="true"
146-->[com.google.firebase:firebase-common:19.5.0] AndroidManifest.xml:35:13-43
147            android:exported="false" >
147-->[com.google.firebase:firebase-common:19.5.0] AndroidManifest.xml:36:13-37
148
149            <!--
150                This registrar is not defined in the dynamic-module-support sdk itself to allow non-firebase
151                clients to use it as well, by defining this registrar in their own core/common library.
152            -->
153            <meta-data
153-->[com.google.firebase:firebase-common:19.5.0] AndroidManifest.xml:43:13-45:85
154                android:name="com.google.firebase.components:com.google.firebase.dynamicloading.DynamicLoadingRegistrar"
154-->[com.google.firebase:firebase-common:19.5.0] AndroidManifest.xml:44:17-121
155                android:value="com.google.firebase.components.ComponentRegistrar" />
155-->[com.google.firebase:firebase-common:19.5.0] AndroidManifest.xml:45:17-82
156        </service>
157
158        <meta-data
158-->[com.google.android.gms:play-services-basement:17.1.1] AndroidManifest.xml:23:9-25:69
159            android:name="com.google.android.gms.version"
159-->[com.google.android.gms:play-services-basement:17.1.1] AndroidManifest.xml:24:13-58
160            android:value="@integer/google_play_services_version" />
160-->[com.google.android.gms:play-services-basement:17.1.1] AndroidManifest.xml:25:13-66
161
162        <service
162-->[androidx.room:room-runtime:2.1.0] AndroidManifest.xml:25:9-27:40
163            android:name="androidx.room.MultiInstanceInvalidationService"
163-->[androidx.room:room-runtime:2.1.0] AndroidManifest.xml:26:13-74
164            android:exported="false" />
164-->[androidx.room:room-runtime:2.1.0] AndroidManifest.xml:27:13-37
165        <service
165-->[io.nlopez.smartlocation:library:3.2.11] AndroidManifest.xml:19:9-21:40
166            android:name="io.nlopez.smartlocation.activity.providers.ActivityGooglePlayServicesProvider$ActivityRecognitionService"
166-->[io.nlopez.smartlocation:library:3.2.11] AndroidManifest.xml:20:13-132
167            android:exported="false" />
167-->[io.nlopez.smartlocation:library:3.2.11] AndroidManifest.xml:21:13-37
168        <service
168-->[io.nlopez.smartlocation:library:3.2.11] AndroidManifest.xml:22:9-24:40
169            android:name="io.nlopez.smartlocation.geofencing.providers.GeofencingGooglePlayServicesProvider$GeofencingService"
169-->[io.nlopez.smartlocation:library:3.2.11] AndroidManifest.xml:23:13-127
170            android:exported="false" />
170-->[io.nlopez.smartlocation:library:3.2.11] AndroidManifest.xml:24:13-37
171        <service
171-->[io.nlopez.smartlocation:library:3.2.11] AndroidManifest.xml:25:9-27:40
172            android:name="io.nlopez.smartlocation.geocoding.providers.AndroidGeocodingProvider$AndroidGeocodingService"
172-->[io.nlopez.smartlocation:library:3.2.11] AndroidManifest.xml:26:13-120
173            android:exported="false" />
173-->[io.nlopez.smartlocation:library:3.2.11] AndroidManifest.xml:27:13-37
174    </application>
175
176</manifest>